mode: set
github.com/kxue43/cli-toolkit/adhoc/main.go:15.28,17.2 1 0
github.com/kxue43/cli-toolkit/adhoc/main.go:19.38,21.2 1 0
github.com/kxue43/cli-toolkit/adhoc/main.go:23.33,25.2 1 0
github.com/kxue43/cli-toolkit/adhoc/main.go:36.32,40.2 2 0
github.com/kxue43/cli-toolkit/adhoc/main.go:42.39,50.2 5 0
github.com/kxue43/cli-toolkit/adhoc/main.go:52.13,66.2 3 0
github.com/kxue43/cli-toolkit/cmd/toolkit/main.go:12.13,26.16 4 0
github.com/kxue43/cli-toolkit/cmd/toolkit/main.go:26.16,28.3 1 0
github.com/kxue43/cli-toolkit/cmd/toolkit/main.go:30.2,30.15 1 0
github.com/kxue43/cli-toolkit/cmd/toolkit/main.go:30.15,32.3 1 0
github.com/kxue43/cli-toolkit/cmd/toolkit/main.go:34.2,39.24 4 0
github.com/kxue43/cli-toolkit/auth/cache.go:44.36,46.2 1 0
github.com/kxue43/cli-toolkit/auth/cache.go:48.46,50.2 1 0
github.com/kxue43/cli-toolkit/auth/cache.go:52.41,54.2 1 0
github.com/kxue43/cli-toolkit/auth/cache.go:56.33,60.2 2 1
github.com/kxue43/cli-toolkit/auth/cache.go:62.60,64.2 1 1
github.com/kxue43/cli-toolkit/auth/cache.go:66.77,70.20 3 0
github.com/kxue43/cli-toolkit/auth/cache.go:70.20,72.3 1 0
github.com/kxue43/cli-toolkit/auth/cache.go:74.2,75.16 2 0
github.com/kxue43/cli-toolkit/auth/cache.go:75.16,77.3 1 0
github.com/kxue43/cli-toolkit/auth/cache.go:79.2,81.16 2 0
github.com/kxue43/cli-toolkit/auth/cache.go:84.77,86.16 2 1
github.com/kxue43/cli-toolkit/auth/cache.go:86.16,88.3 1 0
github.com/kxue43/cli-toolkit/auth/cache.go:90.2,94.24 3 1
github.com/kxue43/cli-toolkit/auth/cache.go:94.24,95.52 1 1
github.com/kxue43/cli-toolkit/auth/cache.go:95.52,97.4 1 0
github.com/kxue43/cli-toolkit/auth/cache.go:99.3,99.70 1 1
github.com/kxue43/cli-toolkit/auth/cache.go:100.8,100.23 1 0
github.com/kxue43/cli-toolkit/auth/cache.go:100.23,102.3 1 0
github.com/kxue43/cli-toolkit/auth/cache.go:104.2,104.19 1 0
github.com/kxue43/cli-toolkit/auth/cache.go:104.19,106.3 1 0
github.com/kxue43/cli-toolkit/auth/cache.go:108.2,108.69 1 0
github.com/kxue43/cli-toolkit/auth/cache.go:115.113,117.16 2 1
github.com/kxue43/cli-toolkit/auth/cache.go:117.16,119.3 1 0
github.com/kxue43/cli-toolkit/auth/cache.go:121.2,125.16 4 1
github.com/kxue43/cli-toolkit/auth/cache.go:125.16,127.3 1 0
github.com/kxue43/cli-toolkit/auth/cache.go:129.2,129.62 1 1
github.com/kxue43/cli-toolkit/auth/cache.go:129.62,131.3 1 0
github.com/kxue43/cli-toolkit/auth/cache.go:133.2,133.22 1 1
github.com/kxue43/cli-toolkit/auth/cache.go:136.84,142.16 5 1
github.com/kxue43/cli-toolkit/auth/cache.go:142.16,144.3 1 0
github.com/kxue43/cli-toolkit/auth/cache.go:146.2,148.38 2 1
github.com/kxue43/cli-toolkit/auth/cache.go:148.38,149.89 1 0
github.com/kxue43/cli-toolkit/auth/cache.go:149.89,152.12 2 0
github.com/kxue43/cli-toolkit/auth/cache.go:153.9,153.36 1 0
github.com/kxue43/cli-toolkit/auth/cache.go:153.36,156.12 2 0
github.com/kxue43/cli-toolkit/auth/cache.go:157.9,159.4 1 0
github.com/kxue43/cli-toolkit/auth/cache.go:162.2,162.23 1 1
github.com/kxue43/cli-toolkit/auth/cache.go:162.23,164.3 1 1
github.com/kxue43/cli-toolkit/auth/cache.go:166.2,168.35 2 0
github.com/kxue43/cli-toolkit/auth/cache.go:168.35,170.3 1 0
github.com/kxue43/cli-toolkit/auth/cache.go:172.2,173.16 2 0
github.com/kxue43/cli-toolkit/auth/cache.go:173.16,175.3 1 0
github.com/kxue43/cli-toolkit/auth/cache.go:177.2,177.22 1 0
github.com/kxue43/cli-toolkit/auth/cache.go:180.76,181.32 1 0
github.com/kxue43/cli-toolkit/auth/cache.go:181.32,183.3 1 0
github.com/kxue43/cli-toolkit/auth/command.go:38.70,40.16 2 1
github.com/kxue43/cli-toolkit/auth/command.go:40.16,42.3 1 0
github.com/kxue43/cli-toolkit/auth/command.go:44.2,47.16 3 1
github.com/kxue43/cli-toolkit/auth/command.go:47.16,49.3 1 0
github.com/kxue43/cli-toolkit/auth/command.go:51.2,51.46 1 1
github.com/kxue43/cli-toolkit/auth/command.go:54.75,56.2 1 1
github.com/kxue43/cli-toolkit/auth/command.go:58.60,60.16 2 0
github.com/kxue43/cli-toolkit/auth/command.go:60.16,62.3 1 0
github.com/kxue43/cli-toolkit/auth/command.go:64.2,70.16 5 0
github.com/kxue43/cli-toolkit/auth/command.go:70.16,73.3 2 0
github.com/kxue43/cli-toolkit/auth/command.go:75.2,75.12 1 0
github.com/kxue43/cli-toolkit/auth/command.go:78.75,82.21 2 1
github.com/kxue43/cli-toolkit/auth/command.go:82.21,84.34 2 1
github.com/kxue43/cli-toolkit/auth/command.go:84.34,88.4 2 0
github.com/kxue43/cli-toolkit/auth/command.go:91.2,91.105 1 1
github.com/kxue43/cli-toolkit/auth/command.go:91.105,96.3 4 1
github.com/kxue43/cli-toolkit/auth/command.go:98.2,99.16 2 1
github.com/kxue43/cli-toolkit/auth/command.go:99.16,101.3 1 0
github.com/kxue43/cli-toolkit/auth/command.go:104.2,112.21 2 1
github.com/kxue43/cli-toolkit/auth/command.go:112.21,114.43 2 1
github.com/kxue43/cli-toolkit/auth/command.go:114.43,116.4 1 0
github.com/kxue43/cli-toolkit/auth/command.go:118.3,120.13 2 1
github.com/kxue43/cli-toolkit/auth/command.go:123.2,124.16 2 0
github.com/kxue43/cli-toolkit/auth/command.go:124.16,126.3 1 0
github.com/kxue43/cli-toolkit/auth/command.go:128.2,130.12 2 0
